2002.10.19 01:19 B D:\web sites\xemedia\bigxemedia.gif <-- xemedia.com /home/xemedia/www/xemedia bigxemedia.gif
2002.10.19 01:19 B D:\web sites\xemedia\my_africa.gif <-- xemedia.com /home/xemedia/www/xemedia my_africa.gif
2002.10.19 01:19 B D:\web sites\xemedia\my_atelier.gif <-- xemedia.com /home/xemedia/www/xemedia my_atelier.gif
2002.10.19 01:19 B D:\web sites\xemedia\my_mathcon.gif <-- xemedia.com /home/xemedia/www/xemedia my_mathcon.gif
2002.10.19 01:19 B D:\web sites\xemedia\my_north.gif <-- xemedia.com /home/xemedia/www/xemedia my_north.gif
2002.10.19 01:19 B D:\web sites\xemedia\my_odn.gif <-- xemedia.com /home/xemedia/www/xemedia my_odn.gif
2002.10.19 01:19 B D:\web sites\xemedia\my_premier.gif <-- xemedia.com /home/xemedia/www/xemedia my_premier.gif
2002.10.19 01:19 B D:\web sites\xemedia\testperl <-- xemedia.com /home/xemedia/www/xemedia testperl
2006.01.06 01:10 B f:\web sites\xemedia\my_africa.gif --> xemedia.com /home/xemedia/www/xemedia my_africa.gif
2006.08.27 23:55 B H:\web sites\xemedia\mathersflooring.gif --> xemedia.com /home/xemedia/www/xemedia mathersflooring.gif
2006.08.27 23:55 B H:\web sites\xemedia\north.gif --> xemedia.com /home/xemedia/www/xemedia north.gif
2006.08.27 23:55 B H:\web sites\xemedia\operapro.gif --> xemedia.com /home/xemedia/www/xemedia operapro.gif
2006.08.27 23:56 B H:\web sites\xemedia\tsc_logo.gif --> xemedia.com /home/xemedia/www/xemedia tsc_logo.gif
2006.10.14 10:24 B H:\web sites\xemedia\my_africa.gif --> xemedia.com /home/xemedia/www/xemedia my_africa.gif
2007.05.28 16:13 B H:\web sites\xemedia\bigxemedia.gif --> xemedia.com /home/www/xemedia/xemedia bigxemedia.gif
2007.05.28 16:13 B H:\web sites\xemedia\mathersflooring.gif --> xemedia.com /home/www/xemedia/xemedia mathersflooring.gif
2007.05.28 16:13 B H:\web sites\xemedia\my_africa.gif --> xemedia.com /home/www/xemedia/xemedia my_africa.gif
2007.05.28 16:13 B H:\web sites\xemedia\my_atelier.gif --> xemedia.com /home/www/xemedia/xemedia my_atelier.gif
2007.05.28 16:13 B H:\web sites\xemedia\my_mathcon.gif --> xemedia.com /home/www/xemedia/xemedia my_mathcon.gif
2007.05.28 16:13 B H:\web sites\xemedia\my_north.gif --> xemedia.com /home/www/xemedia/xemedia my_north.gif
2007.05.28 16:13 B H:\web sites\xemedia\my_odn.gif --> xemedia.com /home/www/xemedia/xemedia my_odn.gif
2007.05.28 16:13 B H:\web sites\xemedia\my_premier.gif --> xemedia.com /home/www/xemedia/xemedia my_premier.gif
2007.05.28 16:13 B H:\web sites\xemedia\north.gif --> xemedia.com /home/www/xemedia/xemedia north.gif
2007.05.28 16:13 B H:\web sites\xemedia\operapro.gif --> xemedia.com /home/www/xemedia/xemedia operapro.gif
2007.05.28 16:13 B H:\web sites\xemedia\testperl --> xemedia.com /home/www/xemedia/xemedia testperl
2007.05.28 16:13 B H:\web sites\xemedia\Thumbs.db --> xemedia.com /home/www/xemedia/xemedia Thumbs.db
2007.05.28 16:13 B H:\web sites\xemedia\tsc_logo.gif --> xemedia.com /home/www/xemedia/xemedia tsc_logo.gif
2007.05.28 16:13 B H:\web sites\xemedia\tsc_logo.psd --> xemedia.com /home/www/xemedia/xemedia tsc_logo.psd
2007.05.28 16:13 B H:\web sites\xemedia\WS_FTP.LOG --> xemedia.com /home/www/xemedia/xemedia WS_FTP.LOG
2007.05.29 19:22 B H:\web sites\xemedia\bigxemedia.gif --> xemedia.web.aplus.net /html/xemedia bigxemedia.gif
2007.05.29 19:22 B H:\web sites\xemedia\mathersflooring.gif --> xemedia.web.aplus.net /html/xemedia mathersflooring.gif
2007.05.29 19:23 B H:\web sites\xemedia\my_africa.gif --> xemedia.web.aplus.net /html/xemedia my_africa.gif
2007.05.29 19:23 B H:\web sites\xemedia\my_atelier.gif --> xemedia.web.aplus.net /html/xemedia my_atelier.gif
2007.05.29 19:23 B H:\web sites\xemedia\my_mathcon.gif --> xemedia.web.aplus.net /html/xemedia my_mathcon.gif
2007.05.29 19:23 B H:\web sites\xemedia\my_north.gif --> xemedia.web.aplus.net /html/xemedia my_north.gif
2007.05.29 19:23 B H:\web sites\xemedia\my_odn.gif --> xemedia.web.aplus.net /html/xemedia my_odn.gif
2007.05.29 19:23 B H:\web sites\xemedia\my_premier.gif --> xemedia.web.aplus.net /html/xemedia my_premier.gif
2007.05.29 19:23 B H:\web sites\xemedia\north.gif --> xemedia.web.aplus.net /html/xemedia north.gif
2007.05.29 19:23 B H:\web sites\xemedia\operapro.gif --> xemedia.web.aplus.net /html/xemedia operapro.gif
2007.05.29 19:23 B H:\web sites\xemedia\testperl --> xemedia.web.aplus.net /html/xemedia testperl
2007.05.29 19:23 B H:\web sites\xemedia\Thumbs.db --> xemedia.web.aplus.net /html/xemedia Thumbs.db
2007.05.29 19:23 B H:\web sites\xemedia\tsc_logo.gif --> xemedia.web.aplus.net /html/xemedia tsc_logo.gif
2007.05.29 19:23 B H:\web sites\xemedia\tsc_logo.psd --> xemedia.web.aplus.net /html/xemedia tsc_logo.psd
2007.05.29 19:23 B H:\web sites\xemedia\WS_FTP.LOG --> xemedia.web.aplus.net /html/xemedia WS_FTP.LOG
2007.05.29 19:28 B H:\web sites\xemedia\logo2.gif --> xemedia.web.aplus.net /html/xemedia logo2.gif
2007.06.24 00:13 B H:\web sites\xemedia\bigxemedia.gif --> premierplacement.com /xemedia.com/html/xemedia bigxemedia.gif
2007.06.24 00:13 B H:\web sites\xemedia\logo2.gif --> premierplacement.com /xemedia.com/html/xemedia logo2.gif
2007.06.24 00:13 B H:\web sites\xemedia\mathersflooring.gif --> premierplacement.com /xemedia.com/html/xemedia mathersflooring.gif
2007.06.24 00:13 B H:\web sites\xemedia\my_africa.gif --> premierplacement.com /xemedia.com/html/xemedia my_africa.gif
2007.06.24 00:13 B H:\web sites\xemedia\my_atelier.gif --> premierplacement.com /xemedia.com/html/xemedia my_atelier.gif
2007.06.24 00:13 B H:\web sites\xemedia\my_mathcon.gif --> premierplacement.com /xemedia.com/html/xemedia my_mathcon.gif
2007.06.24 00:13 B H:\web sites\xemedia\my_north.gif --> premierplacement.com /xemedia.com/html/xemedia my_north.gif
2007.06.24 00:13 B H:\web sites\xemedia\my_odn.gif --> premierplacement.com /xemedia.com/html/xemedia my_odn.gif
2007.06.24 00:13 B H:\web sites\xemedia\my_premier.gif --> premierplacement.com /xemedia.com/html/xemedia my_premier.gif
2007.06.24 00:13 B H:\web sites\xemedia\north.gif --> premierplacement.com /xemedia.com/html/xemedia north.gif
2007.06.24 00:13 B H:\web sites\xemedia\operapro.gif --> premierplacement.com /xemedia.com/html/xemedia operapro.gif
2007.06.24 00:13 B H:\web sites\xemedia\testperl --> premierplacement.com /xemedia.com/html/xemedia testperl
2007.06.24 00:13 B H:\web sites\xemedia\Thumbs.db --> premierplacement.com /xemedia.com/html/xemedia Thumbs.db
2007.06.24 00:13 B H:\web sites\xemedia\tsc_logo.gif --> premierplacement.com /xemedia.com/html/xemedia tsc_logo.gif
2007.06.24 00:13 B H:\web sites\xemedia\tsc_logo.psd --> premierplacement.com /xemedia.com/html/xemedia tsc_logo.psd
